<?xml version="1.0" encoding="UTF-8" ?>
<testsuite tests="4" failures="0" name="com.timofey.airport_data.input_validation.ValidInputImplementationTest" time="0.012" errors="0" skipped="0">
  <properties>
[...]
</properties>
  <testcase classname="com.timofey.airport_data.input_validation.ValidInputImplementationTest" name="testCheckIfArgsValidWhenPositiveValueInRange" time="0.012"/>
  <testcase classname="com.timofey.airport_data.input_validation.ValidInputImplementationTest" name="testCheckIfArgsValidWhenNegativeMeaning" time="0"/>
  <testcase classname="com.timofey.airport_data.input_validation.ValidInputImplementationTest" name="testCheckIfArgsValidWhenZero" time="0"/>
  <testcase classname="com.timofey.airport_data.input_validation.ValidInputImplementationTest" name="testCheckIfArgsValidWhenPositiveValueNotInRange" time="0"/>
</testsuite>